Using pre-set license

 COMMAND LINE ARGUMENTS:
/Applications/Unity/Hub/Editor/2020.3.16f1/Unity.app/Contents/MacOS/Unity
-adb2
-batchMode
-noUpm
-name
AssetImportWorker0
-projectPath
/Users/andrewfei/Documents/Development/Unity/free-solo-sim
-logFile
Logs/AssetImportWorker0.log
-srvPort
62426
Successfully changed project path to: /Users/andrewfei/Documents/Development/Unity/free-solo-sim
/Users/andrewfei/Documents/Development/Unity/free-solo-sim
Using Asset Import Pipeline V2.
Refreshing native plugins compatible for Editor in 28.57 ms, found 2 plugins.
Preloading 0 native plugins for Editor in 0.00 ms.
Initialize engine version: 2020.3.16f1 (049d6eca3c44)
[Subsystems] Discovering subsystems at path /Applications/Unity/Hub/Editor/2020.3.16f1/Unity.app/Contents/Resources/UnitySubsystems
[Subsystems] Discovering subsystems at path /Users/andrewfei/Documents/Development/Unity/free-solo-sim/Assets
GfxDevice: creating device client; threaded=0
2021-09-14 20:54:16.198 Unity[98815:5697868] Color LCD preferred device: AMD Radeon Pro 5500M (high power)
2021-09-14 20:54:16.198 Unity[98815:5697868] Metal devices available: 2
2021-09-14 20:54:16.198 Unity[98815:5697868] 0: AMD Radeon Pro 5500M (high power)
2021-09-14 20:54:16.198 Unity[98815:5697868] 1: Intel(R) UHD Graphics 630 (low power)
2021-09-14 20:54:16.199 Unity[98815:5697868] Using device AMD Radeon Pro 5500M (high power)
Initializing Metal device caps: AMD Radeon Pro 5500M
Initialize mono
Mono path[0] = '/Applications/Unity/Hub/Editor/2020.3.16f1/Unity.app/Contents/Managed'
Mono path[1] = '/Applications/Unity/Hub/Editor/2020.3.16f1/Unity.app/Contents/MonoBleedingEdge/lib/mono/unityjit'
Mono config path = '/Applications/Unity/Hub/Editor/2020.3.16f1/Unity.app/Contents/MonoBleedingEdge/etc'
Using monoOptions --debugger-agent=transport=dt_socket,embedding=1,server=y,suspend=n,address=127.0.0.1:56815
Begin MonoManager ReloadAssembly
Registering precompiled unity dll's ...
Register platform support module: /Applications/Unity/Hub/Editor/2020.3.16f1/PlaybackEngines/WebGLSupport/UnityEditor.WebGL.Extensions.dll
Register platform support module: /Applications/Unity/Hub/Editor/2020.3.16f1/Unity.app/Contents/PlaybackEngines/MacStandaloneSupport/UnityEditor.OSXStandalone.Extensions.dll
Registered in 0.000597 seconds.
Native extension for OSXStandalone target not found
Native extension for WebGL target not found
Refreshing native plugins compatible for Editor in 26.78 ms, found 2 plugins.
Preloading 0 native plugins for Editor in 0.00 ms.
Mono: successfully reloaded assembly
- Completed reload, in  1.426 seconds
Domain Reload Profiling:
	ReloadAssembly (1426ms)
		BeginReloadAssembly (44ms)
			ExecutionOrderSort (0ms)
			DisableScriptedObjects (0ms)
			BackupInstance (0ms)
			ReleaseScriptingObjects (0ms)
			CreateAndSetChildDomain (1ms)
		EndReloadAssembly (470ms)
			LoadAssemblies (43ms)
			RebuildTransferFunctionScriptingTraits (0ms)
			SetupTypeCache (190ms)
			ReleaseScriptCaches (0ms)
			RebuildScriptCaches (41ms)
			SetupLoadedEditorAssemblies (182ms)
				LogAssemblyErrors (0ms)
				InitializePlatformSupportModulesInManaged (5ms)
				SetLoadedEditorAssemblies (0ms)
				RefreshPlugins (27ms)
				BeforeProcessingInitializeOnLoad (10ms)
				ProcessInitializeOnLoadAttributes (110ms)
				ProcessInitializeOnLoadMethodAttributes (29ms)
				AfterProcessingInitializeOnLoad (0ms)
				EditorAssembliesLoaded (0ms)
			ExecutionOrderSort2 (0ms)
			AwakeInstancesAfterBackupRestoration (0ms)
Platform modules already initialized, skipping
Registering precompiled user dll's ...
Registered in 0.001339 seconds.
Begin MonoManager ReloadAssembly
Native extension for OSXStandalone target not found
Native extension for WebGL target not found
Refreshing native plugins compatible for Editor in 0.42 ms, found 2 plugins.
Preloading 0 native plugins for Editor in 0.00 ms.
Mono: successfully reloaded assembly
- Completed reload, in  1.200 seconds
Domain Reload Profiling:
	ReloadAssembly (1201ms)
		BeginReloadAssembly (164ms)
			ExecutionOrderSort (0ms)
			DisableScriptedObjects (6ms)
			BackupInstance (0ms)
			ReleaseScriptingObjects (0ms)
			CreateAndSetChildDomain (32ms)
		EndReloadAssembly (969ms)
			LoadAssemblies (75ms)
			RebuildTransferFunctionScriptingTraits (0ms)
			SetupTypeCache (328ms)
			ReleaseScriptCaches (0ms)
			RebuildScriptCaches (53ms)
			SetupLoadedEditorAssemblies (393ms)
				LogAssemblyErrors (0ms)
				InitializePlatformSupportModulesInManaged (6ms)
				SetLoadedEditorAssemblies (1ms)
				RefreshPlugins (0ms)
				BeforeProcessingInitializeOnLoad (68ms)
				ProcessInitializeOnLoadAttributes (313ms)
				ProcessInitializeOnLoadMethodAttributes (4ms)
				AfterProcessingInitializeOnLoad (1ms)
				EditorAssembliesLoaded (0ms)
			ExecutionOrderSort2 (0ms)
			AwakeInstancesAfterBackupRestoration (7ms)
Platform modules already initialized, skipping
========================================================================
Worker process is ready to serve import requests
Launching external process: /Applications/Unity/Hub/Editor/2020.3.16f1/Unity.app/Contents/Tools/UnityShaderCompiler
Launched and connected shader compiler UnityShaderCompiler after 0.01 seconds
Refreshing native plugins compatible for Editor in 0.30 ms, found 2 plugins.
Preloading 0 native plugins for Editor in 0.00 ms.
Unloading 1401 Unused Serialized files (Serialized files now loaded: 0)
System memory in use before: 136.8 MB.
System memory in use after: 136.9 MB.

Unloading 18 unused Assets to reduce memory usage. Loaded Objects now: 1839.
Total: 2.818753 ms (FindLiveObjects: 0.150835 ms CreateObjectMapping: 0.039292 ms MarkObjects: 2.575099 ms  DeleteObjects: 0.052673 ms)

AssetImportParameters requested are different than current active one (requested -> active):
  custom:video-decoder-ogg-theora: a1e56fd34408186e4bbccfd4996cb3dc -> 
  custom:container-muxer-webm: aa71ff27fc2769a1b78a27578f13a17b -> 
  custom:container-demuxer-webm: 4f35f7cbe854078d1ac9338744f61a02 -> 
  custom:container-demuxer-ogg: 62fdf1f143b41e24485cea50d1cbac27 -> 
  custom:video-encoder-webm-vp8: eb34c28f22e8b96e1ab97ce403110664 -> 
  custom:framework-osx-AVFoundation: e770b220cccbd017edd2c1fefb359320 -> 
  custom:video-decoder-webm-vp8: 9c59270c3fd7afecdb556c50c9e8de78 -> 
  custom:audio-decoder-ogg-vorbis: bf7c407c2cedff20999df2af8eb42d56 -> 
  custom:audio-encoder-webm-vorbis: bf7c407c2cedff20999df2af8eb42d56 -> 
========================================================================
Received Import Request.
  path: Assets/Mixamo/Player/remy@Breathing Idle (1).fbx
  artifactKey: Guid(3f38ffda74d5d46a694eb01dd84e7361) Importer(815301076,1909f56bfc062723c751e8b465ee728b)
Start importing Assets/Mixamo/Player/remy@Breathing Idle (1).fbx using Guid(3f38ffda74d5d46a694eb01dd84e7361) Importer(815301076,1909f56bfc062723c751e8b465ee728b)  -> (artifact id: '4c7fc935006c3a86ba0c4cbcea97cf93') in 1.148502 seconds 
  Import took 1.150805 seconds .

========================================================================
Received Import Request.
  Time since last request: 24.634838 seconds.
  path: Assets/Mixamo/Player/remy@Breathing Idle.fbx
  artifactKey: Guid(3f38ffda74d5d46a694eb01dd84e7361) Importer(815301076,1909f56bfc062723c751e8b465ee728b)
Start importing Assets/Mixamo/Player/remy@Breathing Idle.fbx using Guid(3f38ffda74d5d46a694eb01dd84e7361) Importer(815301076,1909f56bfc062723c751e8b465ee728b)  -> (artifact id: '984c9028abc2b823515befe77481051b') in 0.007611 seconds 
  Import took 0.010170 seconds .

========================================================================
Received Import Request.
  Time since last request: 0.028135 seconds.
  path: Assets/Mixamo/Player/remy@Breathing Idle.fbx
  artifactKey: Guid(3f38ffda74d5d46a694eb01dd84e7361) Importer(815301076,1909f56bfc062723c751e8b465ee728b)
Start importing Assets/Mixamo/Player/remy@Breathing Idle.fbx using Guid(3f38ffda74d5d46a694eb01dd84e7361) Importer(815301076,1909f56bfc062723c751e8b465ee728b)  -> (artifact id: '984c9028abc2b823515befe77481051b') in 0.007354 seconds 
  Import took 0.009635 seconds .

========================================================================
Received Import Request.
  Time since last request: 35.996395 seconds.
  path: Assets/Mixamo/Player/remy@Breathing Idle.fbx
  artifactKey: Guid(3f38ffda74d5d46a694eb01dd84e7361) Importer(815301076,1909f56bfc062723c751e8b465ee728b)
Start importing Assets/Mixamo/Player/remy@Breathing Idle.fbx using Guid(3f38ffda74d5d46a694eb01dd84e7361) Importer(815301076,1909f56bfc062723c751e8b465ee728b)  -> (artifact id: '4564b906dc64b57f5cd038ce1726fe0f') in 0.008231 seconds 
  Import took 0.010741 seconds .

========================================================================
Received Import Request.
  Time since last request: 0.030561 seconds.
  path: Assets/Mixamo/Player/remy@Breathing Idle.fbx
  artifactKey: Guid(3f38ffda74d5d46a694eb01dd84e7361) Importer(815301076,1909f56bfc062723c751e8b465ee728b)
Start importing Assets/Mixamo/Player/remy@Breathing Idle.fbx using Guid(3f38ffda74d5d46a694eb01dd84e7361) Importer(815301076,1909f56bfc062723c751e8b465ee728b)  -> (artifact id: '4564b906dc64b57f5cd038ce1726fe0f') in 0.007607 seconds 
  Import took 0.010280 seconds .

========================================================================
Received Import Request.
  Time since last request: 25.896230 seconds.
  path: Assets/Mixamo/Player/remy@Breathing Idle.fbx
  artifactKey: Guid(3f38ffda74d5d46a694eb01dd84e7361) Importer(815301076,1909f56bfc062723c751e8b465ee728b)
Start importing Assets/Mixamo/Player/remy@Breathing Idle.fbx using Guid(3f38ffda74d5d46a694eb01dd84e7361) Importer(815301076,1909f56bfc062723c751e8b465ee728b)  -> (artifact id: '0a33312129af2e9f4e36622326f96e45') in 0.007352 seconds 
  Import took 0.010076 seconds .

========================================================================
Received Import Request.
  Time since last request: 0.027497 seconds.
  path: Assets/Mixamo/Player/remy@Breathing Idle.fbx
  artifactKey: Guid(3f38ffda74d5d46a694eb01dd84e7361) Importer(815301076,1909f56bfc062723c751e8b465ee728b)
Start importing Assets/Mixamo/Player/remy@Breathing Idle.fbx using Guid(3f38ffda74d5d46a694eb01dd84e7361) Importer(815301076,1909f56bfc062723c751e8b465ee728b)  -> (artifact id: '0a33312129af2e9f4e36622326f96e45') in 0.007937 seconds 
  Import took 0.010374 seconds .

========================================================================
Received Prepare
Registering precompiled user dll's ...
Registered in 0.001585 seconds.
Begin MonoManager ReloadAssembly
Native extension for OSXStandalone target not found
Native extension for WebGL target not found
Refreshing native plugins compatible for Editor in 0.27 ms, found 2 plugins.
Preloading 0 native plugins for Editor in 0.00 ms.
Mono: successfully reloaded assembly
- Completed reload, in  1.084 seconds
Domain Reload Profiling:
	ReloadAssembly (1085ms)
		BeginReloadAssembly (122ms)
			ExecutionOrderSort (0ms)
			DisableScriptedObjects (5ms)
			BackupInstance (0ms)
			ReleaseScriptingObjects (0ms)
			CreateAndSetChildDomain (56ms)
		EndReloadAssembly (895ms)
			LoadAssemblies (70ms)
			RebuildTransferFunctionScriptingTraits (0ms)
			SetupTypeCache (307ms)
			ReleaseScriptCaches (1ms)
			RebuildScriptCaches (46ms)
			SetupLoadedEditorAssemblies (358ms)
				LogAssemblyErrors (0ms)
				InitializePlatformSupportModulesInManaged (6ms)
				SetLoadedEditorAssemblies (0ms)
				RefreshPlugins (0ms)
				BeforeProcessingInitializeOnLoad (62ms)
				ProcessInitializeOnLoadAttributes (284ms)
				ProcessInitializeOnLoadMethodAttributes (4ms)
				AfterProcessingInitializeOnLoad (1ms)
				EditorAssembliesLoaded (0ms)
			ExecutionOrderSort2 (0ms)
			AwakeInstancesAfterBackupRestoration (7ms)
Platform modules already initialized, skipping
Refreshing native plugins compatible for Editor in 0.27 ms, found 2 plugins.
Preloading 0 native plugins for Editor in 0.00 ms.
Unloading 1395 Unused Serialized files (Serialized files now loaded: 0)
System memory in use before: 141.2 MB.
System memory in use after: 141.3 MB.

Unloading 13 unused Assets to reduce memory usage. Loaded Objects now: 1841.
Total: 2.512591 ms (FindLiveObjects: 0.129797 ms CreateObjectMapping: 0.035838 ms MarkObjects: 2.334266 ms  DeleteObjects: 0.011836 ms)

AssetImportParameters requested are different than current active one (requested -> active):
  custom:video-decoder-ogg-theora: a1e56fd34408186e4bbccfd4996cb3dc -> 
  custom:container-muxer-webm: aa71ff27fc2769a1b78a27578f13a17b -> 
  custom:container-demuxer-webm: 4f35f7cbe854078d1ac9338744f61a02 -> 
  custom:container-demuxer-ogg: 62fdf1f143b41e24485cea50d1cbac27 -> 
  custom:video-encoder-webm-vp8: eb34c28f22e8b96e1ab97ce403110664 -> 
  custom:framework-osx-AVFoundation: e770b220cccbd017edd2c1fefb359320 -> 
  custom:video-decoder-webm-vp8: 9c59270c3fd7afecdb556c50c9e8de78 -> 
  custom:audio-decoder-ogg-vorbis: bf7c407c2cedff20999df2af8eb42d56 -> 
  custom:audio-encoder-webm-vorbis: bf7c407c2cedff20999df2af8eb42d56 -> 
========================================================================
Received Import Request.
  Time since last request: 45346.162542 seconds.
  path: Assets/Mixamo/Player/remy@Standard Walk.fbx
  artifactKey: Guid(a52ffe233b191aa468cfd414b2d287ae) Importer(815301076,1909f56bfc062723c751e8b465ee728b)
Start importing Assets/Mixamo/Player/remy@Standard Walk.fbx using Guid(a52ffe233b191aa468cfd414b2d287ae) Importer(815301076,1909f56bfc062723c751e8b465ee728b)  -> (artifact id: 'be07773d0043d4492bd445783cd87e6d') in 0.194631 seconds 
  Import took 0.281411 seconds .

========================================================================
Received Import Request.
  Time since last request: 1.725244 seconds.
  path: Assets/Mixamo/Player/remy@Climbing Up Wall.fbx
  artifactKey: Guid(27cd4d6ebdc5183419e2027be04b5001) Importer(815301076,1909f56bfc062723c751e8b465ee728b)
Start importing Assets/Mixamo/Player/remy@Climbing Up Wall.fbx using Guid(27cd4d6ebdc5183419e2027be04b5001) Importer(815301076,1909f56bfc062723c751e8b465ee728b)  -> (artifact id: '83b66491ea618c663e41217267ce2b07') in 0.013005 seconds 
  Import took 0.015554 seconds .

========================================================================
Received Import Request.
  Time since last request: 22.411949 seconds.
  path: Assets/Mixamo/Player/remy@Climbing Up Wall.fbx
  artifactKey: Guid(27cd4d6ebdc5183419e2027be04b5001) Importer(815301076,1909f56bfc062723c751e8b465ee728b)
Start importing Assets/Mixamo/Player/remy@Climbing Up Wall.fbx using Guid(27cd4d6ebdc5183419e2027be04b5001) Importer(815301076,1909f56bfc062723c751e8b465ee728b)  -> (artifact id: 'b5ee915ab6f817f8316910e5b0ec1085') in 0.008848 seconds 
  Import took 0.011258 seconds .

========================================================================
Received Import Request.
  Time since last request: 8.334602 seconds.
  path: Assets/Mixamo/Player/remy@Standard Walk.fbx
  artifactKey: Guid(a52ffe233b191aa468cfd414b2d287ae) Importer(815301076,1909f56bfc062723c751e8b465ee728b)
Start importing Assets/Mixamo/Player/remy@Standard Walk.fbx using Guid(a52ffe233b191aa468cfd414b2d287ae) Importer(815301076,1909f56bfc062723c751e8b465ee728b)  -> (artifact id: '80873c5e33188b2c0eb6e45ab86af871') in 0.008299 seconds 
  Import took 0.011737 seconds .

========================================================================
Received Prepare
Registering precompiled user dll's ...
Registered in 0.003107 seconds.
Begin MonoManager ReloadAssembly
Native extension for OSXStandalone target not found
Native extension for WebGL target not found
Refreshing native plugins compatible for Editor in 0.31 ms, found 2 plugins.
Preloading 0 native plugins for Editor in 0.00 ms.
Mono: successfully reloaded assembly
- Completed reload, in  1.333 seconds
Domain Reload Profiling:
	ReloadAssembly (1334ms)
		BeginReloadAssembly (189ms)
			ExecutionOrderSort (0ms)
			DisableScriptedObjects (7ms)
			BackupInstance (0ms)
			ReleaseScriptingObjects (0ms)
			CreateAndSetChildDomain (114ms)
		EndReloadAssembly (1066ms)
			LoadAssemblies (95ms)
			RebuildTransferFunctionScriptingTraits (0ms)
			SetupTypeCache (378ms)
			ReleaseScriptCaches (1ms)
			RebuildScriptCaches (53ms)
			SetupLoadedEditorAssemblies (407ms)
				LogAssemblyErrors (0ms)
				InitializePlatformSupportModulesInManaged (6ms)
				SetLoadedEditorAssemblies (1ms)
				RefreshPlugins (0ms)
				BeforeProcessingInitializeOnLoad (72ms)
				ProcessInitializeOnLoadAttributes (322ms)
				ProcessInitializeOnLoadMethodAttributes (4ms)
				AfterProcessingInitializeOnLoad (1ms)
				EditorAssembliesLoaded (0ms)
			ExecutionOrderSort2 (0ms)
			AwakeInstancesAfterBackupRestoration (9ms)
Platform modules already initialized, skipping
Refreshing native plugins compatible for Editor in 0.30 ms, found 2 plugins.
Preloading 0 native plugins for Editor in 0.00 ms.
Unloading 1395 Unused Serialized files (Serialized files now loaded: 0)
System memory in use before: 156.5 MB.
System memory in use after: 156.6 MB.

Unloading 13 unused Assets to reduce memory usage. Loaded Objects now: 1843.
Total: 2.886413 ms (FindLiveObjects: 0.217994 ms CreateObjectMapping: 0.057263 ms MarkObjects: 2.580448 ms  DeleteObjects: 0.029624 ms)

AssetImportParameters requested are different than current active one (requested -> active):
  custom:video-decoder-ogg-theora: a1e56fd34408186e4bbccfd4996cb3dc -> 
  custom:container-muxer-webm: aa71ff27fc2769a1b78a27578f13a17b -> 
  custom:container-demuxer-webm: 4f35f7cbe854078d1ac9338744f61a02 -> 
  custom:container-demuxer-ogg: 62fdf1f143b41e24485cea50d1cbac27 -> 
  custom:video-encoder-webm-vp8: eb34c28f22e8b96e1ab97ce403110664 -> 
  custom:framework-osx-AVFoundation: e770b220cccbd017edd2c1fefb359320 -> 
  custom:video-decoder-webm-vp8: 9c59270c3fd7afecdb556c50c9e8de78 -> 
  custom:audio-decoder-ogg-vorbis: bf7c407c2cedff20999df2af8eb42d56 -> 
  custom:audio-encoder-webm-vorbis: bf7c407c2cedff20999df2af8eb42d56 -> 
========================================================================
Received Import Request.
  Time since last request: 228.932822 seconds.
  path: Assets/Mixamo/Player/remy@Climbing Up Wall.fbx
  artifactKey: Guid(27cd4d6ebdc5183419e2027be04b5001) Importer(815301076,1909f56bfc062723c751e8b465ee728b)
Start importing Assets/Mixamo/Player/remy@Climbing Up Wall.fbx using Guid(27cd4d6ebdc5183419e2027be04b5001) Importer(815301076,1909f56bfc062723c751e8b465ee728b)  -> (artifact id: '2f4a7768258465dd1ffd0ca0220a31a3') in 0.030145 seconds 
  Import took 0.032069 seconds .

========================================================================
Received Import Request.
  Time since last request: 16.340981 seconds.
  path: Assets/Mixamo/Player/remy@Standard Walk.fbx
  artifactKey: Guid(a52ffe233b191aa468cfd414b2d287ae) Importer(815301076,1909f56bfc062723c751e8b465ee728b)
Start importing Assets/Mixamo/Player/remy@Standard Walk.fbx using Guid(a52ffe233b191aa468cfd414b2d287ae) Importer(815301076,1909f56bfc062723c751e8b465ee728b)  -> (artifact id: '65ca675ff0bfdb486c7d625f05cdbde1') in 0.009707 seconds 
  Import took 0.012683 seconds .

========================================================================
Received Import Request.
  Time since last request: 0.012549 seconds.
  path: Assets/Mixamo/Player/remy@Standard Walk.fbx
  artifactKey: Guid(a52ffe233b191aa468cfd414b2d287ae) Importer(815301076,1909f56bfc062723c751e8b465ee728b)
Start importing Assets/Mixamo/Player/remy@Standard Walk.fbx using Guid(a52ffe233b191aa468cfd414b2d287ae) Importer(815301076,1909f56bfc062723c751e8b465ee728b)  -> (artifact id: '65ca675ff0bfdb486c7d625f05cdbde1') in 0.007748 seconds 
  Import took 0.010144 seconds .

========================================================================
Received Import Request.
  Time since last request: 65.867976 seconds.
  path: Assets/Prefabs/Bush.prefab
  artifactKey: Guid(893dd1e7350d141d9874892fc2d09a15) Importer(815301076,1909f56bfc062723c751e8b465ee728b)
Start importing Assets/Prefabs/Bush.prefab using Guid(893dd1e7350d141d9874892fc2d09a15) Importer(815301076,1909f56bfc062723c751e8b465ee728b)  -> (artifact id: '71790200fd586f44c78808dd7b8ebb51') in 0.478466 seconds 
  Import took 0.480760 seconds .

========================================================================
Received Import Request.
  Time since last request: 0.000205 seconds.
  path: Assets/Prefabs/Jaggered Rock.prefab
  artifactKey: Guid(f4548199516a0487ea26e513f28f7538) Importer(815301076,1909f56bfc062723c751e8b465ee728b)
Start importing Assets/Prefabs/Jaggered Rock.prefab using Guid(f4548199516a0487ea26e513f28f7538) Importer(815301076,1909f56bfc062723c751e8b465ee728b)  -> (artifact id: '628c39dbdb44dceb8c4982e5f2757c37') in 0.009447 seconds 
  Import took 0.011691 seconds .

========================================================================
Received Import Request.
  Time since last request: 0.000216 seconds.
  path: Assets/Prefabs/Floor Tile.prefab
  artifactKey: Guid(db341684afe2e482ea3d09b64b4f5345) Importer(815301076,1909f56bfc062723c751e8b465ee728b)
Start importing Assets/Prefabs/Floor Tile.prefab using Guid(db341684afe2e482ea3d09b64b4f5345) Importer(815301076,1909f56bfc062723c751e8b465ee728b)  -> (artifact id: 'ef58793e4bd43e864598e03c7b5a97e6') in 0.008443 seconds 
  Import took 0.010814 seconds .

========================================================================
Received Import Request.
  Time since last request: 0.000178 seconds.
  path: Assets/Prefabs/Cliff Tile.prefab
  artifactKey: Guid(4d772fcf9ddb4452e8925744908e39e4) Importer(815301076,1909f56bfc062723c751e8b465ee728b)
Start importing Assets/Prefabs/Cliff Tile.prefab using Guid(4d772fcf9ddb4452e8925744908e39e4) Importer(815301076,1909f56bfc062723c751e8b465ee728b)  -> (artifact id: '10b3b31c54952dfe66f105a44e55904a') in 0.006861 seconds 
  Import took 0.009109 seconds .

========================================================================
Received Import Request.
  Time since last request: 0.000190 seconds.
  path: Assets/Prefabs/Tree.prefab
  artifactKey: Guid(77c1865057d834cc08c8d5f41fbe6f89) Importer(815301076,1909f56bfc062723c751e8b465ee728b)
Start importing Assets/Prefabs/Tree.prefab using Guid(77c1865057d834cc08c8d5f41fbe6f89) Importer(815301076,1909f56bfc062723c751e8b465ee728b)  -> (artifact id: 'd3c56145c00a17e3de54bb356c203ca8') in 0.007768 seconds 
  Import took 0.010086 seconds .

========================================================================
Received Import Request.
  Time since last request: 0.007268 seconds.
  path: Assets/Prefabs/Tree.prefab
  artifactKey: Guid(77c1865057d834cc08c8d5f41fbe6f89) Importer(815301076,1909f56bfc062723c751e8b465ee728b)
Start importing Assets/Prefabs/Tree.prefab using Guid(77c1865057d834cc08c8d5f41fbe6f89) Importer(815301076,1909f56bfc062723c751e8b465ee728b)  -> (artifact id: 'd3c56145c00a17e3de54bb356c203ca8') in 0.006628 seconds 
  Import took 0.008885 seconds .

========================================================================
Received Prepare
Registering precompiled user dll's ...
Registered in 0.001490 seconds.
Begin MonoManager ReloadAssembly
Native extension for OSXStandalone target not found
Native extension for WebGL target not found
Refreshing native plugins compatible for Editor in 0.27 ms, found 2 plugins.
Preloading 0 native plugins for Editor in 0.00 ms.
Mono: successfully reloaded assembly
- Completed reload, in  1.172 seconds
Domain Reload Profiling:
	ReloadAssembly (1173ms)
		BeginReloadAssembly (123ms)
			ExecutionOrderSort (0ms)
			DisableScriptedObjects (5ms)
			BackupInstance (0ms)
			ReleaseScriptingObjects (0ms)
			CreateAndSetChildDomain (59ms)
		EndReloadAssembly (974ms)
			LoadAssemblies (78ms)
			RebuildTransferFunctionScriptingTraits (0ms)
			SetupTypeCache (337ms)
			ReleaseScriptCaches (1ms)
			RebuildScriptCaches (51ms)
			SetupLoadedEditorAssemblies (389ms)
				LogAssemblyErrors (0ms)
				InitializePlatformSupportModulesInManaged (5ms)
				SetLoadedEditorAssemblies (1ms)
				RefreshPlugins (0ms)
				BeforeProcessingInitializeOnLoad (66ms)
				ProcessInitializeOnLoadAttributes (311ms)
				ProcessInitializeOnLoadMethodAttributes (4ms)
				AfterProcessingInitializeOnLoad (1ms)
				EditorAssembliesLoaded (0ms)
			ExecutionOrderSort2 (0ms)
			AwakeInstancesAfterBackupRestoration (8ms)
Platform modules already initialized, skipping
Refreshing native plugins compatible for Editor in 0.26 ms, found 2 plugins.
Preloading 0 native plugins for Editor in 0.00 ms.
Unloading 1395 Unused Serialized files (Serialized files now loaded: 0)
System memory in use before: 164.4 MB.
System memory in use after: 164.5 MB.

Unloading 13 unused Assets to reduce memory usage. Loaded Objects now: 1855.
Total: 2.435036 ms (FindLiveObjects: 0.118908 ms CreateObjectMapping: 0.031756 ms MarkObjects: 2.272426 ms  DeleteObjects: 0.011176 ms)

AssetImportParameters requested are different than current active one (requested -> active):
  custom:video-decoder-ogg-theora: a1e56fd34408186e4bbccfd4996cb3dc -> 
  custom:container-muxer-webm: aa71ff27fc2769a1b78a27578f13a17b -> 
  custom:container-demuxer-webm: 4f35f7cbe854078d1ac9338744f61a02 -> 
  custom:container-demuxer-ogg: 62fdf1f143b41e24485cea50d1cbac27 -> 
  custom:video-encoder-webm-vp8: eb34c28f22e8b96e1ab97ce403110664 -> 
  custom:framework-osx-AVFoundation: e770b220cccbd017edd2c1fefb359320 -> 
  custom:video-decoder-webm-vp8: 9c59270c3fd7afecdb556c50c9e8de78 -> 
  custom:audio-decoder-ogg-vorbis: bf7c407c2cedff20999df2af8eb42d56 -> 
  custom:audio-encoder-webm-vorbis: bf7c407c2cedff20999df2af8eb42d56 -> 
